<?xml version="1.0" encoding="UTF-8"?>
<!-- Generated by org.testng.reporters.JUnitXMLReporter -->
<testsuite hostname="Dell-Laptop" name="EbayListingsTest_Chrome" tests="2" failures="1" timestamp="12 Feb 2016 01:27:55 GMT" time="35.719" errors="0">
  <testcase name="verifySearchListingsCount" time="12.764" classname="com.webdriver.na.ebay.tests.EbayListingsTest"/>
  <testcase name="verifySearchListingsCount" time="9.429" classname="com.webdriver.na.ebay.tests.EbayListingsTest">
    <failure type="java.lang.AssertionError" message="Invalid listing count:0 expected [true] but found [false]">
      <![CDATA[java.lang.AssertionError: Invalid listing count:0 expected [true] but found [false]
	at com.webdriver.na.ebay.tests.EbayListingsTest.verifySearchListingsCount(EbayListingsTest.java:65)
	at java.util.concurrent.FutureTask.run(Unknown Source)
	at java.util.concurrent.ThreadPoolExecutor.runWorker(Unknown Source)
	at java.util.concurrent.ThreadPoolExecutor$Worker.run(Unknown Source)
	at java.lang.Thread.run(Unknown Source)
... Removed 19 stack frames]]>
    </failure>
  </testcase> <!-- verifySearchListingsCount -->
</testsuite> <!-- EbayListingsTest_Chrome -->
