<?xml version="1.0" encoding="UTF-8"?>
<testng-results skipped="0" failed="2" total="4" passed="2">
  <reporter-output>
  </reporter-output>
  <suite name="EbayListingTestSuite" duration-ms="89804" started-at="2016-02-12T04:54:00Z" finished-at="2016-02-12T04:55:30Z">
    <groups>
    </groups>
    <test name="EbayListingsTest_Chrome" duration-ms="80011" started-at="2016-02-12T04:54:00Z" finished-at="2016-02-12T04:55:20Z">
      <class name="com.webdriver.na.ebay.tests.EbayListingsTest">
        <test-method status="PASS" signature="setUp(java.lang.String)[pri:0, instance:com.webdriver.na.ebay.tests.EbayListingsTest@10000ccd]" name="setUp" is-config="true" duration-ms="2391" started-at="2016-02-11T20:54:00Z" finished-at="2016-02-11T20:54:03Z">
          <params>
            <param index="0">
              <value>
                <![CDATA[chrome]]>
              </value>
            </param>
          </params>
          <reporter-output>
          </reporter-output>
        </test-method> <!-- setUp -->
        <test-method status="PASS" signature="verifySearchListingsCount(java.lang.String)[pri:0, instance:com.webdriver.na.ebay.tests.EbayListingsTest@10000ccd]" name="verifySearchListingsCount" duration-ms="19804" started-at="2016-02-11T20:54:03Z" data-provider="provider" finished-at="2016-02-11T20:54:22Z">
          <params>
            <param index="0">
              <value>
                <![CDATA[shoes]]>
              </value>
            </param>
          </params>
          <reporter-output>
          </reporter-output>
        </test-method> <!-- verifySearchListingsCount -->
        <test-method status="PASS" signature="tearDown()[pri:0, instance:com.webdriver.na.ebay.tests.EbayListingsTest@10000ccd]" name="tearDown" is-config="true" duration-ms="2052" started-at="2016-02-11T20:54:22Z" finished-at="2016-02-11T20:54:24Z">
          <reporter-output>
          </reporter-output>
        </test-method> <!-- tearDown -->
        <test-method status="PASS" signature="setUp(java.lang.String)[pri:0, instance:com.webdriver.na.ebay.tests.EbayListingsTest@10000ccd]" name="setUp" is-config="true" duration-ms="1336" started-at="2016-02-11T20:54:24Z" finished-at="2016-02-11T20:54:26Z">
          <params>
            <param index="0">
              <value>
                <![CDATA[chrome]]>
              </value>
            </param>
          </params>
          <reporter-output>
          </reporter-output>
        </test-method> <!-- setUp -->
        <test-method status="FAIL" signature="verifySearchListingsCount(java.lang.String)[pri:0, instance:com.webdriver.na.ebay.tests.EbayListingsTest@10000ccd]" name="verifySearchListingsCount" duration-ms="52563" started-at="2016-02-11T20:54:26Z" data-provider="provider" finished-at="2016-02-11T20:55:18Z">
          <params>
            <param index="0">
              <value>
                <![CDATA[colouredturtlepaintings]]>
              </value>
            </param>
          </params>
          <exception class="java.lang.AssertionError">
            <message>
              <![CDATA[Invalid listing count:0 expected [true] but found [false]]]>
            </message>
            <full-stacktrace>
              <![CDATA[java.lang.AssertionError: Invalid listing count:0 expected [true] but found [false]
	at org.testng.Assert.fail(Assert.java:94)
	at org.testng.Assert.failNotEquals(Assert.java:494)
	at org.testng.Assert.assertTrue(Assert.java:42)
	at com.webdriver.na.ebay.tests.EbayListingsTest.verifySearchListingsCount(EbayListingsTest.java:65)
	at sun.reflect.NativeMethodAccessorImpl.invoke0(Native Method)
	at sun.reflect.NativeMethodAccessorImpl.invoke(NativeMethodAccessorImpl.java:57)
	at sun.reflect.DelegatingMethodAccessorImpl.invoke(DelegatingMethodAccessorImpl.java:43)
	at java.lang.reflect.Method.invoke(Method.java:606)
	at org.testng.internal.MethodInvocationHelper.invokeMethod(MethodInvocationHelper.java:84)
	at org.testng.internal.Invoker.invokeMethod(Invoker.java:714)
	at org.testng.internal.Invoker.invokeTestMethod(Invoker.java:901)
	at org.testng.internal.Invoker.invokeTestMethods(Invoker.java:1231)
	at org.testng.internal.TestMethodWorker.invokeTestMethods(TestMethodWorker.java:127)
	at org.testng.internal.TestMethodWorker.run(TestMethodWorker.java:111)
	at org.testng.TestRunner.privateRun(TestRunner.java:767)
	at org.testng.TestRunner.run(TestRunner.java:617)
	at org.testng.SuiteRunner.runTest(SuiteRunner.java:334)
	at org.testng.SuiteRunner.access$000(SuiteRunner.java:37)
	at org.testng.SuiteRunner$SuiteWorker.run(SuiteRunner.java:368)
	at org.testng.internal.thread.ThreadUtil$2.call(ThreadUtil.java:64)
	at java.util.concurrent.FutureTask.run(FutureTask.java:262)
	at java.util.concurrent.ThreadPoolExecutor.runWorker(ThreadPoolExecutor.java:1145)
	at java.util.concurrent.ThreadPoolExecutor$Worker.run(ThreadPoolExecutor.java:615)
	at java.lang.Thread.run(Thread.java:745)
]]>
            </full-stacktrace>
          </exception> <!-- java.lang.AssertionError -->
          <reporter-output>
          </reporter-output>
        </test-method> <!-- verifySearchListingsCount -->
        <test-method status="PASS" signature="tearDown()[pri:0, instance:com.webdriver.na.ebay.tests.EbayListingsTest@10000ccd]" name="tearDown" is-config="true" duration-ms="1431" started-at="2016-02-11T20:55:18Z" finished-at="2016-02-11T20:55:20Z">
          <reporter-output>
          </reporter-output>
        </test-method> <!-- tearDown -->
      </class> <!-- com.webdriver.na.ebay.tests.EbayListingsTest -->
    </test> <!-- EbayListingsTest_Chrome -->
    <test name="EbayListingsTest_Firefox" duration-ms="89804" started-at="2016-02-12T04:54:00Z" finished-at="2016-02-12T04:55:30Z">
      <class name="com.webdriver.na.ebay.tests.EbayListingsTest">
        <test-method status="PASS" signature="setUp(java.lang.String)[pri:0, instance:com.webdriver.na.ebay.tests.EbayListingsTest@3d2656d3]" name="setUp" is-config="true" duration-ms="9790" started-at="2016-02-11T20:54:00Z" finished-at="2016-02-11T20:54:10Z">
          <params>
            <param index="0">
              <value>
                <![CDATA[firefox]]>
              </value>
            </param>
          </params>
          <reporter-output>
          </reporter-output>
        </test-method> <!-- setUp -->
        <test-method status="PASS" signature="verifySearchListingsCount(java.lang.String)[pri:0, instance:com.webdriver.na.ebay.tests.EbayListingsTest@3d2656d3]" name="verifySearchListingsCount" duration-ms="28687" started-at="2016-02-11T20:54:10Z" data-provider="provider" finished-at="2016-02-11T20:54:39Z">
          <params>
            <param index="0">
              <value>
                <![CDATA[shoes]]>
              </value>
            </param>
          </params>
          <reporter-output>
          </reporter-output>
        </test-method> <!-- verifySearchListingsCount -->
        <test-method status="PASS" signature="tearDown()[pri:0, instance:com.webdriver.na.ebay.tests.EbayListingsTest@3d2656d3]" name="tearDown" is-config="true" duration-ms="655" started-at="2016-02-11T20:54:39Z" finished-at="2016-02-11T20:54:39Z">
          <reporter-output>
          </reporter-output>
        </test-method> <!-- tearDown -->
        <test-method status="PASS" signature="setUp(java.lang.String)[pri:0, instance:com.webdriver.na.ebay.tests.EbayListingsTest@3d2656d3]" name="setUp" is-config="true" duration-ms="10660" started-at="2016-02-11T20:54:39Z" finished-at="2016-02-11T20:54:50Z">
          <params>
            <param index="0">
              <value>
                <![CDATA[firefox]]>
              </value>
            </param>
          </params>
          <reporter-output>
          </reporter-output>
        </test-method> <!-- setUp -->
        <test-method status="FAIL" signature="verifySearchListingsCount(java.lang.String)[pri:0, instance:com.webdriver.na.ebay.tests.EbayListingsTest@3d2656d3]" name="verifySearchListingsCount" duration-ms="38740" started-at="2016-02-11T20:54:50Z" data-provider="provider" finished-at="2016-02-11T20:55:29Z">
          <params>
            <param index="0">
              <value>
                <![CDATA[colouredturtlepaintings]]>
              </value>
            </param>
          </params>
          <exception class="java.lang.AssertionError">
            <message>
              <![CDATA[Invalid listing count:0 expected [true] but found [false]]]>
            </message>
            <full-stacktrace>
              <![CDATA[java.lang.AssertionError: Invalid listing count:0 expected [true] but found [false]
	at org.testng.Assert.fail(Assert.java:94)
	at org.testng.Assert.failNotEquals(Assert.java:494)
	at org.testng.Assert.assertTrue(Assert.java:42)
	at com.webdriver.na.ebay.tests.EbayListingsTest.verifySearchListingsCount(EbayListingsTest.java:65)
	at sun.reflect.NativeMethodAccessorImpl.invoke0(Native Method)
	at sun.reflect.NativeMethodAccessorImpl.invoke(NativeMethodAccessorImpl.java:57)
	at sun.reflect.DelegatingMethodAccessorImpl.invoke(DelegatingMethodAccessorImpl.java:43)
	at java.lang.reflect.Method.invoke(Method.java:606)
	at org.testng.internal.MethodInvocationHelper.invokeMethod(MethodInvocationHelper.java:84)
	at org.testng.internal.Invoker.invokeMethod(Invoker.java:714)
	at org.testng.internal.Invoker.invokeTestMethod(Invoker.java:901)
	at org.testng.internal.Invoker.invokeTestMethods(Invoker.java:1231)
	at org.testng.internal.TestMethodWorker.invokeTestMethods(TestMethodWorker.java:127)
	at org.testng.internal.TestMethodWorker.run(TestMethodWorker.java:111)
	at org.testng.TestRunner.privateRun(TestRunner.java:767)
	at org.testng.TestRunner.run(TestRunner.java:617)
	at org.testng.SuiteRunner.runTest(SuiteRunner.java:334)
	at org.testng.SuiteRunner.access$000(SuiteRunner.java:37)
	at org.testng.SuiteRunner$SuiteWorker.run(SuiteRunner.java:368)
	at org.testng.internal.thread.ThreadUtil$2.call(ThreadUtil.java:64)
	at java.util.concurrent.FutureTask.run(FutureTask.java:262)
	at java.util.concurrent.ThreadPoolExecutor.runWorker(ThreadPoolExecutor.java:1145)
	at java.util.concurrent.ThreadPoolExecutor$Worker.run(ThreadPoolExecutor.java:615)
	at java.lang.Thread.run(Thread.java:745)
]]>
            </full-stacktrace>
          </exception> <!-- java.lang.AssertionError -->
          <reporter-output>
          </reporter-output>
        </test-method> <!-- verifySearchListingsCount -->
        <test-method status="PASS" signature="tearDown()[pri:0, instance:com.webdriver.na.ebay.tests.EbayListingsTest@3d2656d3]" name="tearDown" is-config="true" duration-ms="862" started-at="2016-02-11T20:55:29Z" finished-at="2016-02-11T20:55:30Z">
          <reporter-output>
          </reporter-output>
        </test-method> <!-- tearDown -->
      </class> <!-- com.webdriver.na.ebay.tests.EbayListingsTest -->
    </test> <!-- EbayListingsTest_Firefox -->
  </suite> <!-- EbayListingTestSuite -->
</testng-results>
