<?xml version="1.0" encoding="UTF-8"?>
<!-- Generated by org.testng.reporters.JUnitXMLReporter -->
<testsuite hostname="Dell-Laptop" name="EbayListingsTest_Chrome" tests="2" failures="1" timestamp="12 Feb 2016 05:28:02 GMT" time="72.902" errors="0">
  <testcase name="verifySearchListingsCount" time="50.002" classname="com.webdriver.na.ebay.tests.EbayListingsTest"/>
  <testcase name="verifySearchListingsCount" time="15.684" classname="com.webdriver.na.ebay.tests.EbayListingsTest">
    <failure type="java.lang.AssertionError" message="Invalid listing count:0 expected [true] but found [false]">
      <![CDATA[java.lang.AssertionError: Invalid listing count:0 expected [true] but found [false]
	at com.webdriver.na.ebay.tests.EbayListingsTest.verifySearchListingsCount(EbayListingsTest.java:65)
	at java.util.concurrent.FutureTask.run(FutureTask.java:262)
	at java.util.concurrent.ThreadPoolExecutor.runWorker(ThreadPoolExecutor.java:1145)
	at java.util.concurrent.ThreadPoolExecutor$Worker.run(ThreadPoolExecutor.java:615)
	at java.lang.Thread.run(Thread.java:745)
... Removed 19 stack frames]]>
    </failure>
  </testcase> <!-- verifySearchListingsCount -->
</testsuite> <!-- EbayListingsTest_Chrome -->
